<?xml version="1.0" encoding="UTF-8"?>
<!-- Generated by org.testng.reporters.JUnitReportReporter -->
<testsuite skipped="0" hostname="DESKTOP-8IGUF9C" name="pruebasendtoend.IframesPrueba" tests="1" failures="0" timestamp="2021-09-19T23:03:56 COT" time="1.856" errors="0">
  <testcase name="trabajarConIframe" time="1.856" classname="pruebasendtoend.IframesPrueba"/>
  <system-out/>
</testsuite> <!-- pruebasendtoend.IframesPrueba -->
