<?xml version="1.0" encoding="UTF-8"?>
<!-- Generated by org.testng.reporters.JUnitReportReporter -->
<testsuite skipped="0" hostname="DESKTOP-8IGUF9C" name="pruebasendtoend.FluentWaitClase" tests="1" failures="0" timestamp="2021-09-19T23:56:14 COT" time="3.837" errors="0">
  <testcase name="fluentWaitMetodo" time="3.837" classname="pruebasendtoend.FluentWaitClase"/>
  <system-out/>
</testsuite> <!-- pruebasendtoend.FluentWaitClase -->
