<?xml version="1.0" encoding="UTF-8"?>
<!-- Generated by org.testng.reporters.JUnitReportReporter -->
<testsuite skipped="0" hostname="DESKTOP-8IGUF9C" name="pruebasendtoend.EsperasClases" tests="1" failures="0" timestamp="2021-09-19T23:40:28 COT" time="5.424" errors="0">
  <testcase name="esperaImplicitaExplicita" time="5.424" classname="pruebasendtoend.EsperasClases"/>
  <system-out/>
</testsuite> <!-- pruebasendtoend.EsperasClases -->
